2024-09-19 17:45:58,090 - biorange.target_predict.mol_target.stitch_inchikey - INFO - Temporary directory created at C:\Users\admin\AppData\Local\Temp\tmpj4k2t5v2
2024-09-19 17:45:58,096 - biorange.target_predict.mol_target.tcmsp_inchikey - INFO - Initializing MoleculeSearcher
2024-09-19 17:45:58,187 - biorange.target_predict.mol_target.tcmsp_inchikey - INFO - Merging molecules and targets dataframes
2024-09-19 17:45:58,203 - biorange.target_predict.mol_target.tcmsp_inchikey - DEBUG - Merged dataframe shape: (62981, 24)
2024-09-19 17:45:58,218 - biorange.target_predict.mol_target.tcmsp - INFO - Initializing MoleculeSearcher
2024-09-19 17:45:58,282 - biorange.target_predict.mol_target.tcmsp - INFO - Merging molecules and targets dataframes
2024-09-19 17:45:58,297 - biorange.target_predict.mol_target.tcmsp - DEBUG - Merged dataframe shape: (62981, 24)
2024-09-19 17:45:58,919 - biorange.target_predict.disease_target.genecards - ERROR - 不可使用默认文件，你需要自行下载genecards结果文件放入：data/GeneCards-SearchResults.csv
2024-09-19 17:45:58,950 - urllib3.connectionpool - DEBUG - Starting new HTTPS connection (1): www.ebi.ac.uk:443
2024-09-19 17:47:02,941 - urllib3.connectionpool - DEBUG - https://www.ebi.ac.uk:443 "POST /chembl/target-predictions HTTP/11" 500 10135
2024-09-19 17:47:02,943 - biorange.target_predict.mol_target.chembl_final - ERROR - Returning empty DataFrame for CC(=O)OC1=CC=CC=C1C(=O)O with error: Expecting value: line 1 column 1 (char 0)
2024-09-19 17:47:02,948 - urllib3.connectionpool - DEBUG - Resetting dropped connection: www.ebi.ac.uk
2024-09-19 17:47:06,181 - urllib3.connectionpool - DEBUG - https://www.ebi.ac.uk:443 "POST /chembl/target-predictions HTTP/11" 200 61840
2024-09-19 17:47:06,749 - urllib3.connectionpool - DEBUG - Starting new HTTPS connection (1): rest.uniprot.org:443
2024-09-19 17:47:08,292 - urllib3.connectionpool - DEBUG - https://rest.uniprot.org:443 "POST /idmapping/run HTTP/11" 200 None
2024-09-19 17:47:08,635 - urllib3.connectionpool - DEBUG - https://rest.uniprot.org:443 "GET /idmapping/status/b6e69e119e99230d97357d6897d3dadb5bad448c HTTP/11" 303 None
2024-09-19 17:47:08,978 - urllib3.connectionpool - DEBUG - https://rest.uniprot.org:443 "GET /idmapping/uniprotkb/results/b6e69e119e99230d97357d6897d3dadb5bad448c HTTP/11" 200 None
2024-09-19 17:47:09,727 - urllib3.connectionpool - DEBUG - https://rest.uniprot.org:443 "GET /idmapping/details/b6e69e119e99230d97357d6897d3dadb5bad448c HTTP/11" 200 None
2024-09-19 17:47:10,068 - urllib3.connectionpool - DEBUG - https://rest.uniprot.org:443 "GET /idmapping/uniprotkb/results/b6e69e119e99230d97357d6897d3dadb5bad448c HTTP/11" 200 None
2024-09-19 17:47:10,346 - biorange.target_predict.mol_target.chembl_final - INFO - Fetched: 3 / 3
2024-09-19 17:47:10,347 - biorange.target_predict.mol_target.chembl_final - DEBUG - df_genes columns: Index(['chembal', 'uniport_accession', 'gene_name', 'organism'], dtype='object')
2024-09-19 17:47:10,355 - biorange.target_predict.mol_target.chembl_final - DEBUG - df_genes head:          chembal uniport_accession gene_name      organism
0  CHEMBL1944495            P28065     PSMB9  Homo sapiens
1  CHEMBL3108639            Q9BXF3     CECR2  Homo sapiens
2     CHEMBL3807            P17706     PTPN2  Homo sapiens
